<?xml version="1.0" encoding="UTF-8"?>
<testsuite xmlns:xsi="http://www.w3.org/2001/XMLSchema-instance" xsi:noNamespaceSchemaLocation="https://maven.apache.org/surefire/maven-surefire-plugin/xsd/surefire-test-report.xsd" name="tests.courierTest.CourierAuthTest" time="62.493" tests="5" errors="0" skipped="0" failures="1">
  <properties>
[...]
</properties>
  <testcase name="courierCanLogin" classname="tests.courierTest.CourierAuthTest" time="0.712"/>
  <testcase name="loginWithoutLogin" classname="tests.courierTest.CourierAuthTest" time="0.328"/>
  <testcase name="loginWithIncorrectCredentials" classname="tests.courierTest.CourierAuthTest" time="0.698"/>
  <testcase name="loginWithoutPassword" classname="tests.courierTest.CourierAuthTest" time="60.374">
    <failure message="1 expectation failed.&#10;Expected status code &lt;400&gt; but was &lt;504&gt;.&#10;" type="java.lang.AssertionError"><![CDATA[java.lang.AssertionError: 
1 expectation failed.
Expected status code <400> but was <504>.

	at tests.courierTest.CourierAuthTest.loginWithoutPassword(CourierAuthTest.java:77)
]]></failure>
  </testcase>
  <testcase name="loginWithNonExistentUser" classname="tests.courierTest.CourierAuthTest" time="0.381"/>
</testsuite>